[0m10:06:49.532214 [debug] [MainThread]: Sending event: {'category': 'dbt', 'action': 'invocation', 'label': 'start', 'context': [<snowplow_tracker.self_describing_json.SelfDescribingJson object at 0x0000014C8BE8EBA0>, <snowplow_tracker.self_describing_json.SelfDescribingJson object at 0x0000014C88BFB4D0>, <snowplow_tracker.self_describing_json.SelfDescribingJson object at 0x0000014C8E27FC50>]}


============================== 10:06:49.578035 | df7ca4fd-0e3c-4bac-b64e-48df99ec3bba ==============================
[0m10:06:49.578035 [info ] [MainThread]: Running with dbt=1.11.11
[0m10:06:49.579242 [debug] [MainThread]: running dbt with arguments {'static_parser': 'True', 'no_print': 'None', 'version_check': 'True', 'target_path': 'None', 'warn_error_options': 'WarnErrorOptionsV2(error=[], warn=[], silence=[])', 'printer_width': '80', 'write_json': 'True', 'empty': 'None', 'log_cache_events': 'False', 'introspect': 'True', 'cache_selected_only': 'False', 'log_format': 'default', 'debug': 'False', 'fail_fast': 'False', 'profiles_dir': 'C:\\Users\\bthun\\.dbt', 'send_anonymous_usage_stats': 'True', 'quiet': 'False', 'warn_error': 'None', 'partial_parse': 'True', 'invocation_command': 'dbt init jaffle_shop', 'use_colors': 'True', 'indirect_selection': 'eager', 'use_experimental_parser': 'False', 'log_path': 'logs'}
[0m10:06:49.589806 [info ] [MainThread]: Creating dbt configuration folder at C:\Users\bthun\.dbt
[0m10:06:49.592005 [debug] [MainThread]: Starter project path: C:\Users\bthun\Documents\dbt_learning\dbt_env\Lib\site-packages\dbt\include\starter_project
[0m10:06:49.605224 [info ] [MainThread]: 
Your new dbt project "jaffle_shop" was created!

For more information on how to configure the profiles.yml file,
please consult the dbt documentation here:

  https://docs.getdbt.com/docs/configure-your-profile

One more thing:

Need help? Don't hesitate to reach out to us via GitHub issues or on Slack:

  https://community.getdbt.com/

Happy modeling!

[0m10:06:49.605761 [info ] [MainThread]: Setting up your profile.
[0m10:08:27.318386 [info ] [MainThread]: Profile jaffle_shop written to C:\Users\bthun\.dbt\profiles.yml using target's profile_template.yml and your supplied values. Run 'dbt debug' to validate the connection.
[0m10:08:27.322000 [debug] [MainThread]: Command `dbt init` succeeded at 10:08:27.321539 after 98.06 seconds
[0m10:08:27.322878 [debug] [MainThread]: Sending event: {'category': 'dbt', 'action': 'invocation', 'label': 'end', 'context': [<snowplow_tracker.self_describing_json.SelfDescribingJson object at 0x0000014C8E36F100>, <snowplow_tracker.self_describing_json.SelfDescribingJson object at 0x0000014C8E7C5FD0>, <snowplow_tracker.self_describing_json.SelfDescribingJson object at 0x0000014C8E2AA030>]}
[0m10:08:27.324249 [debug] [MainThread]: Flushing usage events
[0m10:08:28.650955 [debug] [MainThread]: An error was encountered while trying to flush usage events
